  CppCLR_WinformsProjekt.cpp
C:\Program Files (x86)\Windows Kits\10\Include\10.0.18362.0\um\servprov.h(91,81): error C3699: '*': cannot use this indirection on type 'IServiceProvider'
C:\Program Files (x86)\Windows Kits\10\Include\10.0.18362.0\um\servprov.h(91,81): message : compiler replacing '*' with '^' to continue parsing
C:\Program Files (x86)\Windows Kits\10\Include\10.0.18362.0\um\servprov.h(98,9): error C2371: 'IServiceProvider': redefinition; different basic types
C:\Program Files (x86)\Windows Kits\10\Include\10.0.18362.0\um\servprov.h(44): message : see declaration of 'IServiceProvider'
C:\Program Files (x86)\Windows Kits\10\Include\10.0.18362.0\um\servprov.h(115,41): error C2872: 'IServiceProvider': ambiguous symbol
C:\Program Files (x86)\Windows Kits\10\Include\10.0.18362.0\um\servprov.h(98,9): message : could be 'IServiceProvider'
C:\Program Files (x86)\Windows Kits\10\Include\10.0.18362.0\um\servprov.h(44,19): message : or       'System::IServiceProvider'
C:\Program Files (x86)\Windows Kits\10\Include\10.0.18362.0\um\servprov.h(239,22): error C2872: 'IServiceProvider': ambiguous symbol
C:\Program Files (x86)\Windows Kits\10\Include\10.0.18362.0\um\servprov.h(98,9): message : could be 'IServiceProvider'
C:\Program Files (x86)\Windows Kits\10\Include\10.0.18362.0\um\servprov.h(44,19): message : or       'System::IServiceProvider'
C:\Program Files (x86)\Windows Kits\10\Include\10.0.18362.0\um\servprov.h(249,32): error C2872: 'IServiceProvider': ambiguous symbol
C:\Program Files (x86)\Windows Kits\10\Include\10.0.18362.0\um\servprov.h(98,9): message : could be 'IServiceProvider'
C:\Program Files (x86)\Windows Kits\10\Include\10.0.18362.0\um\servprov.h(44,19): message : or       'System::IServiceProvider'
C:\Program Files (x86)\Windows Kits\10\Include\10.0.18362.0\um\urlmon.h(6869,66): error C2872: 'IServiceProvider': ambiguous symbol
C:\Program Files (x86)\Windows Kits\10\Include\10.0.18362.0\um\servprov.h(98,9): message : could be 'IServiceProvider'
C:\Program Files (x86)\Windows Kits\10\Include\10.0.18362.0\um\servprov.h(44,19): message : or       'System::IServiceProvider'
C:\Program Files (x86)\Windows Kits\10\Include\10.0.18362.0\um\urlmon.h(6871,62): error C2872: 'IServiceProvider': ambiguous symbol
C:\Program Files (x86)\Windows Kits\10\Include\10.0.18362.0\um\servprov.h(98,9): message : could be 'IServiceProvider'
C:\Program Files (x86)\Windows Kits\10\Include\10.0.18362.0\um\servprov.h(44,19): message : or       'System::IServiceProvider'
C:\Users\jesusc01\source\repos\opto\cw4\cw4\Form1.h(345,43): warning C4244: 'return': conversion from 'double' to 'float', possible loss of data
C:\Users\jesusc01\source\repos\opto\cw4\cw4\Form1.h(349,13): warning C4244: 'initializing': conversion from 'int' to 'float', possible loss of data
C:\Users\jesusc01\source\repos\opto\cw4\cw4\Form1.h(350,8): warning C4244: 'argument': conversion from 'float' to 'int', possible loss of data
